2026-06-22 14:55:00.0118 | INFO | タスク統計バッチ処理を開始します。 
2026-06-22 14:55:00.2196 | INFO | 期限切れタスクのチェックを開始します。 
2026-06-22 14:55:00.2196 | WARN | 【警告】期限切れタスクを発見: C#最終課題の要件定義書確認 (担当: 内田, 期限: 2026/06/15) 
2026-06-22 14:55:00.2196 | WARN | 【警告】期限切れタスクを発見: 評価シートのフォーマット作成 (担当: 王, 期限: 2026/06/18) 
2026-06-22 14:55:00.2196 | WARN | 【警告】期限切れタスクを発見: SQL ServerローカルDB疎通確認 (担当: 王, 期限: 2026/06/12) 
2026-06-22 14:55:00.2196 | WARN | 【警告】期限切れタスクを発見: テスト：期限切れの未完了タスク (担当: 鈴木, 期限: 2026/06/01) 
2026-06-22 14:55:00.2196 | WARN | 【警告】期限切れタスクを発見: テスト：期限切れの未完了タスク (担当: 鈴木, 期限: 2026/06/09) 
2026-06-22 14:55:00.2196 | INFO | 担当者ごとの未完了タスク数集計を出力します。 
2026-06-22 14:55:00.2196 | INFO | 担当者: 内田 / 未完了タスク数: 1件 
2026-06-22 14:55:00.2196 | INFO | 担当者: 王 / 未完了タスク数: 2件 
2026-06-22 14:55:00.2196 | INFO | 担当者: 鈴木 / 未完了タスク数: 2件 
2026-06-22 14:55:00.2196 | INFO | 担当者: デイネス / 未完了タスク数: 1件 
2026-06-22 14:55:00.2196 | INFO | 担当者: 佐藤 / 未完了タスク数: 1件 
2026-06-22 14:55:00.2196 | INFO | タスク統計バッチ処理を終了しました。 
2026-06-22 14:56:50.7159 | INFO | タスク統計バッチ処理を開始します。 
2026-06-22 14:56:50.9171 | INFO | 期限切れタスクのチェックを開始します。 
2026-06-22 14:56:50.9171 | WARN | 【警告】期限切れタスクを発見: C#最終課題の要件定義書確認 (担当: 内田, 期限: 2026/06/15) 
2026-06-22 14:56:50.9171 | WARN | 【警告】期限切れタスクを発見: 評価シートのフォーマット作成 (担当: 王, 期限: 2026/06/18) 
2026-06-22 14:56:50.9171 | WARN | 【警告】期限切れタスクを発見: SQL ServerローカルDB疎通確認 (担当: 王, 期限: 2026/06/12) 
2026-06-22 14:56:50.9171 | WARN | 【警告】期限切れタスクを発見: テスト：期限切れの未完了タスク (担当: 鈴木, 期限: 2026/06/09) 
2026-06-22 14:56:50.9171 | INFO | 担当者ごとの未完了タスク数集計を出力します。 
2026-06-22 14:56:50.9171 | INFO | 担当者: 内田 / 未完了タスク数: 1件 
2026-06-22 14:56:50.9171 | INFO | 担当者: 王 / 未完了タスク数: 2件 
2026-06-22 14:56:50.9171 | INFO | 担当者: デイネス / 未完了タスク数: 1件 
2026-06-22 14:56:50.9171 | INFO | 担当者: 鈴木 / 未完了タスク数: 1件 
2026-06-22 14:56:50.9171 | INFO | 担当者: 佐藤 / 未完了タスク数: 1件 
2026-06-22 14:56:50.9171 | INFO | タスク統計バッチ処理を終了しました。 
